<?xml version="1.0" encoding="UTF-8"?>
<!-- Generated by org.testng.reporters.JUnitReportReporter -->
<testsuite hostname="DESKTOP-A8NLMHK" failures="0" tests="1" name="com.TestNG.CustomizedEmailReport" time="10.115" errors="0" timestamp="2024-11-19T14:30:37 IST" skipped="0">
  <testcase classname="com.TestNG.CustomizedEmailReport" name="Front" time="10.115">
    <system-out>
      <![CDATA[Browser has been launch
browser has been redirect to frontaccounting site
username and password field data has been clear
In username field demouser data has been enter and password field password data has been enter 
Click on login button.
click on logout link]]>
    </system-out>
  </testcase> <!-- Front -->
  <system-out>
    <![CDATA[Browser has been launch
browser has been redirect to frontaccounting site
username and password field data has been clear
In username field demouser data has been enter and password field password data has been enter 
Click on login button.
click on logout link]]>
  </system-out>
</testsuite> <!-- com.TestNG.CustomizedEmailReport -->
