<?xml version="1.0" encoding="UTF-8"?>
<!-- Generated by org.testng.reporters.JUnitReportReporter -->
<testsuite hostname="DESKTOP-A8NLMHK" failures="0" tests="3" name="com.TestNG.Demo" time="30.492" errors="0" timestamp="2024-11-12T14:43:18 IST" skipped="0">
  <testcase classname="com.TestNG.Demo" name="google" time="10.198"/>
  <testcase classname="com.TestNG.Demo" name="google" time="9.889"/>
  <testcase classname="com.TestNG.Demo" name="Facebook" time="10.405"/>
</testsuite> <!-- com.TestNG.Demo -->
