<?xml version="1.0" encoding="UTF-8"?>
<!-- Generated by org.testng.reporters.JUnitReportReporter -->
<testsuite hostname="DESKTOP-A8NLMHK" failures="0" tests="2" name="com.Logger.SauceDemoLogin" time="22.573" errors="0" timestamp="2024-11-26T14:11:05 IST" skipped="0">
  <testcase classname="com.Logger.SauceDemoLogin" name="login" time="13.648"/>
  <testcase classname="com.Logger.SauceDemoLogin" name="login" time="8.925"/>
</testsuite> <!-- com.Logger.SauceDemoLogin -->
