<?xml version="1.0" encoding="UTF-8"?>
<!-- Generated by org.testng.reporters.JUnitReportReporter -->
<testsuite hostname="DESKTOP-A8NLMHK" failures="0" tests="2" name="com.Logger.SauceDemoLogin" time="26.342" errors="0" timestamp="2024-11-27T15:01:02 IST" skipped="0">
  <testcase classname="com.Logger.SauceDemoLogin" name="login" time="9.208"/>
  <testcase classname="com.Logger.SauceDemoLogin" name="login" time="17.134"/>
</testsuite> <!-- com.Logger.SauceDemoLogin -->
